20:10:14.811 [main] INFO  testCases.TC001_AccontRegistrationTest - ***** Starting TC001_AccontRegistrationTest ******
20:10:15.015 [main] INFO  testCases.TC001_AccontRegistrationTest - Clicked on MyAccount Link..
20:10:15.470 [main] INFO  testCases.TC001_AccontRegistrationTest - Clicked on Register Link..
20:10:15.472 [main] INFO  testCases.TC001_AccontRegistrationTest - Providing customer details..
20:10:16.816 [main] INFO  testCases.TC001_AccontRegistrationTest - Validating expected message..
20:10:16.894 [main] INFO  testCases.TC001_AccontRegistrationTest - ***** Finished TC001_AccontRegistrationTest ******
20:11:00.181 [main] INFO  testCases.TC001_AccontRegistrationTest - ***** Starting TC001_AccontRegistrationTest ******
20:11:00.360 [main] INFO  testCases.TC001_AccontRegistrationTest - Clicked on MyAccount Link..
20:11:02.703 [main] INFO  testCases.TC001_AccontRegistrationTest - Clicked on Register Link..
20:11:02.706 [main] INFO  testCases.TC001_AccontRegistrationTest - Providing customer details..
20:11:04.455 [main] INFO  testCases.TC001_AccontRegistrationTest - Validating expected message..
20:11:04.520 [main] INFO  testCases.TC001_AccontRegistrationTest - ***** Finished TC001_AccontRegistrationTest ******
20:11:42.259 [main] INFO  testCases.TC001_AccontRegistrationTest - ***** Starting TC001_AccontRegistrationTest ******
20:11:42.563 [main] INFO  testCases.TC001_AccontRegistrationTest - Clicked on MyAccount Link..
20:11:42.883 [main] INFO  testCases.TC001_AccontRegistrationTest - Clicked on Register Link..
20:11:42.886 [main] INFO  testCases.TC001_AccontRegistrationTest - Providing customer details..
20:11:44.485 [main] INFO  testCases.TC001_AccontRegistrationTest - Validating expected message..
20:11:44.545 [main] INFO  testCases.TC001_AccontRegistrationTest - ***** Finished TC001_AccontRegistrationTest ******
20:25:52.903 [main] INFO  testCases.TC001_AccontRegistrationTest - ***** Starting TC001_AccontRegistrationTest ******
20:25:53.254 [main] INFO  testCases.TC001_AccontRegistrationTest - Clicked on MyAccount Link..
20:25:53.590 [main] INFO  testCases.TC001_AccontRegistrationTest - Clicked on Register Link..
20:25:53.592 [main] INFO  testCases.TC001_AccontRegistrationTest - Providing customer details..
20:25:54.794 [main] INFO  testCases.TC001_AccontRegistrationTest - Validating expected message..
20:25:54.825 [main] INFO  testCases.TC001_AccontRegistrationTest - ***** Finished TC001_AccontRegistrationTest ******
20:25:57.108 [main] INFO  testCases.TC001_AccontRegistrationTest - ***** Starting TC001_AccontRegistrationTest ******
20:25:57.208 [main] INFO  testCases.TC001_AccontRegistrationTest - Clicked on MyAccount Link..
20:25:57.650 [main] INFO  testCases.TC001_AccontRegistrationTest - Clicked on Register Link..
20:25:57.651 [main] INFO  testCases.TC001_AccontRegistrationTest - Providing customer details..
20:25:58.844 [main] INFO  testCases.TC001_AccontRegistrationTest - Validating expected message..
20:25:58.934 [main] INFO  testCases.TC001_AccontRegistrationTest - ***** Finished TC001_AccontRegistrationTest ******
20:26:00.446 [main] INFO  testCases.TC001_AccontRegistrationTest - ***** Starting TC001_AccontRegistrationTest ******
20:26:00.447 [main] ERROR testCases.TC001_AccontRegistrationTest - Test Failed..
20:27:01.960 [main] INFO  testCases.TC001_AccontRegistrationTest - ***** Starting TC001_AccontRegistrationTest ******
20:27:02.317 [main] INFO  testCases.TC001_AccontRegistrationTest - Clicked on MyAccount Link..
20:27:02.660 [main] INFO  testCases.TC001_AccontRegistrationTest - Clicked on Register Link..
20:27:02.664 [main] INFO  testCases.TC001_AccontRegistrationTest - Providing customer details..
20:27:03.894 [main] INFO  testCases.TC001_AccontRegistrationTest - Validating expected message..
20:27:03.928 [main] INFO  testCases.TC001_AccontRegistrationTest - ***** Finished TC001_AccontRegistrationTest ******
20:27:08.041 [main] INFO  testCases.TC001_AccontRegistrationTest - ***** Starting TC001_AccontRegistrationTest ******
20:27:08.159 [main] INFO  testCases.TC001_AccontRegistrationTest - Clicked on MyAccount Link..
20:27:10.526 [main] INFO  testCases.TC001_AccontRegistrationTest - Clicked on Register Link..
20:27:10.527 [main] INFO  testCases.TC001_AccontRegistrationTest - Providing customer details..
20:27:12.039 [main] INFO  testCases.TC001_AccontRegistrationTest - Validating expected message..
20:27:12.078 [main] INFO  testCases.TC001_AccontRegistrationTest - ***** Finished TC001_AccontRegistrationTest ******
20:27:17.467 [main] INFO  testCases.TC001_AccontRegistrationTest - ***** Starting TC001_AccontRegistrationTest ******
20:27:17.732 [main] INFO  testCases.TC001_AccontRegistrationTest - Clicked on MyAccount Link..
20:27:18.100 [main] INFO  testCases.TC001_AccontRegistrationTest - Clicked on Register Link..
20:27:18.100 [main] INFO  testCases.TC001_AccontRegistrationTest - Providing customer details..
20:27:19.202 [main] INFO  testCases.TC001_AccontRegistrationTest - Validating expected message..
